

Started GET "/" for 127.0.0.1 at 2014-08-13 20:16:23 -0700
Processing by Rails::WelcomeController#index as HTML
  Rendered /Library/Ruby/Gems/2.0.0/gems/railties-4.1.4/lib/rails/templates/rails/welcome/index.html.erb (1.2ms)
Completed 200 OK in 27ms (Views: 5.0ms | ActiveRecord: 0.0ms)


Started GET "/" for 127.0.0.1 at 2014-08-14 00:59:10 -0700
Processing by Rails::WelcomeController#index as HTML
  Rendered /Library/Ruby/Gems/2.0.0/gems/railties-4.1.4/lib/rails/templates/rails/welcome/index.html.erb (0.1ms)
Completed 200 OK in 2ms (Views: 1.7ms | ActiveRecord: 0.0ms)


Started GET "/" for 127.0.0.1 at 2014-08-14 01:00:05 -0700

RuntimeError (You should not use the `match` method in your router without specifying an HTTP method.
If you want to expose your action to both GET and POST, add `via: [:get, :post]` option.
If you want to expose your action to GET, use `get` in the router:
  Instead of: match "controller#action"
  Do: get "controller#action"):
  config/routes.rb:56:in `block in <top (required)>'
  config/routes.rb:1:in `<top (required)>'


  Rendered /Library/Ruby/Gems/2.0.0/gems/actionpack-4.1.4/lib/action_dispatch/middleware/templates/rescues/_source.erb (0.7ms)
  Rendered /Library/Ruby/Gems/2.0.0/gems/actionpack-4.1.4/lib/action_dispatch/middleware/templates/rescues/_trace.html.erb (1.2ms)
  Rendered /Library/Ruby/Gems/2.0.0/gems/actionpack-4.1.4/lib/action_dispatch/middleware/templates/rescues/_request_and_response.html.erb (1.1ms)
  Rendered /Library/Ruby/Gems/2.0.0/gems/actionpack-4.1.4/lib/action_dispatch/middleware/templates/rescues/diagnostics.erb within rescues/layout (21.2ms)


Started GET "/" for 127.0.0.1 at 2014-08-14 01:00:22 -0700
Processing by IndexController#index as HTML
  Rendered text template (0.0ms)
Completed 200 OK in 2ms (Views: 1.8ms | ActiveRecord: 0.0ms)


Started GET "/" for 127.0.0.1 at 2014-08-14 01:00:23 -0700
Processing by IndexController#index as HTML
  Rendered text template (0.0ms)
Completed 200 OK in 1ms (Views: 0.4ms | ActiveRecord: 0.0ms)


Started GET "/" for 127.0.0.1 at 2014-08-14 01:00:54 -0700
Processing by IndexController#index as HTML
Completed 500 Internal Server Error in 10ms

ActionView::MissingTemplate (Missing template index/hi, application/hi with {:locale=>[:en], :formats=>[:html], :variants=>[], :handlers=>[:erb, :builder, :raw, :ruby, :jbuilder, :coffee]}. Searched in:
  * "/Users/qhduong/nordstrom/app/views"
):
  app/controllers/index_controller.rb:4:in `index'


  Rendered /Library/Ruby/Gems/2.0.0/gems/actionpack-4.1.4/lib/action_dispatch/middleware/templates/rescues/missing_template.html.erb within rescues/layout (0.6ms)


Started GET "/" for 127.0.0.1 at 2014-08-14 01:01:03 -0700
Processing by IndexController#index as HTML
  Rendered text template (0.0ms)
Completed 200 OK in 1ms (Views: 0.5ms | ActiveRecord: 0.0ms)


Started GET "/" for 127.0.0.1 at 2014-08-14 01:01:59 -0700
Processing by IndexController#index as HTML
  Rendered index/index.erb within layouts/application (0.3ms)
Completed 200 OK in 781ms (Views: 780.6ms | ActiveRecord: 0.0ms)


Started GET "/assets/application.css?body=1" for 127.0.0.1 at 2014-08-14 01:01:59 -0700


Started GET "/assets/index.css?body=1" for 127.0.0.1 at 2014-08-14 01:01:59 -0700


Started GET "/assets/jquery_ujs.js?body=1" for 127.0.0.1 at 2014-08-14 01:01:59 -0700


Started GET "/assets/jquery.js?body=1" for 127.0.0.1 at 2014-08-14 01:01:59 -0700


Started GET "/assets/turbolinks.js?body=1" for 127.0.0.1 at 2014-08-14 01:01:59 -0700


Started GET "/assets/index.js?body=1" for 127.0.0.1 at 2014-08-14 01:01:59 -0700


Started GET "/assets/application.js?body=1" for 127.0.0.1 at 2014-08-14 01:02:00 -0700


Started GET "/" for 127.0.0.1 at 2014-08-14 01:02:06 -0700
Processing by IndexController#index as HTML
  Rendered index/index.erb within layouts/application (0.5ms)
Completed 200 OK in 5ms (Views: 4.2ms | ActiveRecord: 0.0ms)


Started GET "/assets/index.css?body=1" for 127.0.0.1 at 2014-08-14 01:02:06 -0700


Started GET "/assets/turbolinks.js?body=1" for 127.0.0.1 at 2014-08-14 01:02:06 -0700


Started GET "/assets/jquery.js?body=1" for 127.0.0.1 at 2014-08-14 01:02:06 -0700


Started GET "/assets/application.css?body=1" for 127.0.0.1 at 2014-08-14 01:02:06 -0700


Started GET "/assets/index.js?body=1" for 127.0.0.1 at 2014-08-14 01:02:06 -0700


Started GET "/assets/jquery_ujs.js?body=1" for 127.0.0.1 at 2014-08-14 01:02:06 -0700


Started GET "/assets/application.js?body=1" for 127.0.0.1 at 2014-08-14 01:02:06 -0700


Started GET "/" for 127.0.0.1 at 2014-08-14 01:03:28 -0700
Processing by IndexController#index as HTML
  Rendered index/index.erb within layouts/application (0.8ms)
Completed 200 OK in 5ms (Views: 4.8ms | ActiveRecord: 0.0ms)


Started GET "/assets/jquery.js?body=1" for 127.0.0.1 at 2014-08-14 01:03:28 -0700


Started GET "/assets/application.css?body=1" for 127.0.0.1 at 2014-08-14 01:03:28 -0700


Started GET "/assets/jquery_ujs.js?body=1" for 127.0.0.1 at 2014-08-14 01:03:28 -0700


Started GET "/assets/index.js?body=1" for 127.0.0.1 at 2014-08-14 01:03:28 -0700


Started GET "/assets/turbolinks.js?body=1" for 127.0.0.1 at 2014-08-14 01:03:28 -0700


Started GET "/assets/application.js?body=1" for 127.0.0.1 at 2014-08-14 01:03:28 -0700


Started GET "/assets/index.css?body=1" for 127.0.0.1 at 2014-08-14 01:03:28 -0700


Started GET "/search?utf8=%E2%9C%93&q=&commit=Search" for 127.0.0.1 at 2014-08-14 01:03:35 -0700

ActionController::RoutingError (No route matches [GET] "/search"):
  actionpack (4.1.4) lib/action_dispatch/middleware/debug_exceptions.rb:21:in `call'
  actionpack (4.1.4) lib/action_dispatch/middleware/show_exceptions.rb:30:in `call'
  railties (4.1.4) lib/rails/rack/logger.rb:38:in `call_app'
  railties (4.1.4) lib/rails/rack/logger.rb:20:in `block in call'
  activesupport (4.1.4) lib/active_support/tagged_logging.rb:68:in `block in tagged'
  activesupport (4.1.4) lib/active_support/tagged_logging.rb:26:in `tagged'
  activesupport (4.1.4) lib/active_support/tagged_logging.rb:68:in `tagged'
  railties (4.1.4) lib/rails/rack/logger.rb:20:in `call'
  actionpack (4.1.4) lib/action_dispatch/middleware/request_id.rb:21:in `call'
  rack (1.5.2) lib/rack/methodoverride.rb:21:in `call'
  rack (1.5.2) lib/rack/runtime.rb:17:in `call'
  activesupport (4.1.4) lib/active_support/cache/strategy/local_cache_middleware.rb:26:in `call'
  rack (1.5.2) lib/rack/lock.rb:17:in `call'
  actionpack (4.1.4) lib/action_dispatch/middleware/static.rb:64:in `call'
  rack (1.5.2) lib/rack/sendfile.rb:112:in `call'
  railties (4.1.4) lib/rails/engine.rb:514:in `call'
  railties (4.1.4) lib/rails/application.rb:144:in `call'
  rack (1.5.2) lib/rack/lock.rb:17:in `call'
  rack (1.5.2) lib/rack/content_length.rb:14:in `call'
  rack (1.5.2) lib/rack/handler/webrick.rb:60:in `service'
  /System/Library/Frameworks/Ruby.framework/Versions/2.0/usr/lib/ruby/2.0.0/webrick/httpserver.rb:138:in `service'
  /System/Library/Frameworks/Ruby.framework/Versions/2.0/usr/lib/ruby/2.0.0/webrick/httpserver.rb:94:in `run'
  /System/Library/Frameworks/Ruby.framework/Versions/2.0/usr/lib/ruby/2.0.0/webrick/server.rb:295:in `block in start_thread'


  Rendered /Library/Ruby/Gems/2.0.0/gems/actionpack-4.1.4/lib/action_dispatch/middleware/templates/rescues/_trace.html.erb (1.5ms)
  Rendered /Library/Ruby/Gems/2.0.0/gems/actionpack-4.1.4/lib/action_dispatch/middleware/templates/routes/_route.html.erb (0.6ms)
  Rendered /Library/Ruby/Gems/2.0.0/gems/actionpack-4.1.4/lib/action_dispatch/middleware/templates/routes/_table.html.erb (7.1ms)
  Rendered /Library/Ruby/Gems/2.0.0/gems/actionpack-4.1.4/lib/action_dispatch/middleware/templates/rescues/routing_error.html.erb within rescues/layout (29.2ms)


Started GET "/" for 127.0.0.1 at 2014-08-14 01:04:38 -0700
Processing by IndexController#index as HTML
  Rendered index/index.erb within layouts/application (0.7ms)
Completed 200 OK in 6ms (Views: 5.8ms | ActiveRecord: 0.0ms)


Started GET "/assets/application.css?body=1" for 127.0.0.1 at 2014-08-14 01:04:38 -0700


Started GET "/assets/index.css?body=1" for 127.0.0.1 at 2014-08-14 01:04:38 -0700


Started GET "/assets/turbolinks.js?body=1" for 127.0.0.1 at 2014-08-14 01:04:38 -0700


Started GET "/assets/jquery.js?body=1" for 127.0.0.1 at 2014-08-14 01:04:38 -0700


Started GET "/assets/jquery_ujs.js?body=1" for 127.0.0.1 at 2014-08-14 01:04:38 -0700


Started GET "/assets/index.js?body=1" for 127.0.0.1 at 2014-08-14 01:04:38 -0700


Started GET "/assets/application.js?body=1" for 127.0.0.1 at 2014-08-14 01:04:38 -0700


Started GET "/search?utf8=%E2%9C%93&sf=a&commit=Search" for 127.0.0.1 at 2014-08-14 01:04:41 -0700

ActionController::RoutingError (No route matches [GET] "/search"):
  actionpack (4.1.4) lib/action_dispatch/middleware/debug_exceptions.rb:21:in `call'
  actionpack (4.1.4) lib/action_dispatch/middleware/show_exceptions.rb:30:in `call'
  railties (4.1.4) lib/rails/rack/logger.rb:38:in `call_app'
  railties (4.1.4) lib/rails/rack/logger.rb:20:in `block in call'
  activesupport (4.1.4) lib/active_support/tagged_logging.rb:68:in `block in tagged'
  activesupport (4.1.4) lib/active_support/tagged_logging.rb:26:in `tagged'
  activesupport (4.1.4) lib/active_support/tagged_logging.rb:68:in `tagged'
  railties (4.1.4) lib/rails/rack/logger.rb:20:in `call'
  actionpack (4.1.4) lib/action_dispatch/middleware/request_id.rb:21:in `call'
  rack (1.5.2) lib/rack/methodoverride.rb:21:in `call'
  rack (1.5.2) lib/rack/runtime.rb:17:in `call'
  activesupport (4.1.4) lib/active_support/cache/strategy/local_cache_middleware.rb:26:in `call'
  rack (1.5.2) lib/rack/lock.rb:17:in `call'
  actionpack (4.1.4) lib/action_dispatch/middleware/static.rb:64:in `call'
  rack (1.5.2) lib/rack/sendfile.rb:112:in `call'
  railties (4.1.4) lib/rails/engine.rb:514:in `call'
  railties (4.1.4) lib/rails/application.rb:144:in `call'
  rack (1.5.2) lib/rack/lock.rb:17:in `call'
  rack (1.5.2) lib/rack/content_length.rb:14:in `call'
  rack (1.5.2) lib/rack/handler/webrick.rb:60:in `service'
  /System/Library/Frameworks/Ruby.framework/Versions/2.0/usr/lib/ruby/2.0.0/webrick/httpserver.rb:138:in `service'
  /System/Library/Frameworks/Ruby.framework/Versions/2.0/usr/lib/ruby/2.0.0/webrick/httpserver.rb:94:in `run'
  /System/Library/Frameworks/Ruby.framework/Versions/2.0/usr/lib/ruby/2.0.0/webrick/server.rb:295:in `block in start_thread'


  Rendered /Library/Ruby/Gems/2.0.0/gems/actionpack-4.1.4/lib/action_dispatch/middleware/templates/rescues/_trace.html.erb (0.9ms)
  Rendered /Library/Ruby/Gems/2.0.0/gems/actionpack-4.1.4/lib/action_dispatch/middleware/templates/routes/_route.html.erb (2.1ms)
  Rendered /Library/Ruby/Gems/2.0.0/gems/actionpack-4.1.4/lib/action_dispatch/middleware/templates/routes/_table.html.erb (0.9ms)
  Rendered /Library/Ruby/Gems/2.0.0/gems/actionpack-4.1.4/lib/action_dispatch/middleware/templates/rescues/routing_error.html.erb within rescues/layout (16.0ms)


Started GET "/" for 127.0.0.1 at 2014-08-14 01:05:13 -0700
Processing by IndexController#index as HTML
  Rendered index/index.erb within layouts/application (1.1ms)
Completed 200 OK in 6ms (Views: 4.7ms | ActiveRecord: 0.0ms)


Started GET "/assets/index.css?body=1" for 127.0.0.1 at 2014-08-14 01:05:13 -0700


Started GET "/assets/jquery_ujs.js?body=1" for 127.0.0.1 at 2014-08-14 01:05:13 -0700


Started GET "/assets/jquery.js?body=1" for 127.0.0.1 at 2014-08-14 01:05:13 -0700


Started GET "/assets/application.css?body=1" for 127.0.0.1 at 2014-08-14 01:05:13 -0700


Started GET "/assets/turbolinks.js?body=1" for 127.0.0.1 at 2014-08-14 01:05:13 -0700


Started GET "/assets/application.js?body=1" for 127.0.0.1 at 2014-08-14 01:05:13 -0700


Started GET "/assets/index.js?body=1" for 127.0.0.1 at 2014-08-14 01:05:13 -0700


Started GET "/search?utf8=%E2%9C%93&sf=ad&limit=12&commit=Search" for 127.0.0.1 at 2014-08-14 01:05:19 -0700

ActionController::RoutingError (No route matches [GET] "/search"):
  actionpack (4.1.4) lib/action_dispatch/middleware/debug_exceptions.rb:21:in `call'
  actionpack (4.1.4) lib/action_dispatch/middleware/show_exceptions.rb:30:in `call'
  railties (4.1.4) lib/rails/rack/logger.rb:38:in `call_app'
  railties (4.1.4) lib/rails/rack/logger.rb:20:in `block in call'
  activesupport (4.1.4) lib/active_support/tagged_logging.rb:68:in `block in tagged'
  activesupport (4.1.4) lib/active_support/tagged_logging.rb:26:in `tagged'
  activesupport (4.1.4) lib/active_support/tagged_logging.rb:68:in `tagged'
  railties (4.1.4) lib/rails/rack/logger.rb:20:in `call'
  actionpack (4.1.4) lib/action_dispatch/middleware/request_id.rb:21:in `call'
  rack (1.5.2) lib/rack/methodoverride.rb:21:in `call'
  rack (1.5.2) lib/rack/runtime.rb:17:in `call'
  activesupport (4.1.4) lib/active_support/cache/strategy/local_cache_middleware.rb:26:in `call'
  rack (1.5.2) lib/rack/lock.rb:17:in `call'
  actionpack (4.1.4) lib/action_dispatch/middleware/static.rb:64:in `call'
  rack (1.5.2) lib/rack/sendfile.rb:112:in `call'
  railties (4.1.4) lib/rails/engine.rb:514:in `call'
  railties (4.1.4) lib/rails/application.rb:144:in `call'
  rack (1.5.2) lib/rack/lock.rb:17:in `call'
  rack (1.5.2) lib/rack/content_length.rb:14:in `call'
  rack (1.5.2) lib/rack/handler/webrick.rb:60:in `service'
  /System/Library/Frameworks/Ruby.framework/Versions/2.0/usr/lib/ruby/2.0.0/webrick/httpserver.rb:138:in `service'
  /System/Library/Frameworks/Ruby.framework/Versions/2.0/usr/lib/ruby/2.0.0/webrick/httpserver.rb:94:in `run'
  /System/Library/Frameworks/Ruby.framework/Versions/2.0/usr/lib/ruby/2.0.0/webrick/server.rb:295:in `block in start_thread'


  Rendered /Library/Ruby/Gems/2.0.0/gems/actionpack-4.1.4/lib/action_dispatch/middleware/templates/rescues/_trace.html.erb (0.9ms)
  Rendered /Library/Ruby/Gems/2.0.0/gems/actionpack-4.1.4/lib/action_dispatch/middleware/templates/routes/_route.html.erb (0.7ms)
  Rendered /Library/Ruby/Gems/2.0.0/gems/actionpack-4.1.4/lib/action_dispatch/middleware/templates/routes/_table.html.erb (0.8ms)
  Rendered /Library/Ruby/Gems/2.0.0/gems/actionpack-4.1.4/lib/action_dispatch/middleware/templates/rescues/routing_error.html.erb within rescues/layout (13.4ms)


Started GET "/search?utf8=%E2%9C%93&sf=ad&limit=12&commit=Search" for 127.0.0.1 at 2014-08-14 01:05:54 -0700

ActionController::RoutingError (No route matches [GET] "/search"):
  actionpack (4.1.4) lib/action_dispatch/middleware/debug_exceptions.rb:21:in `call'
  actionpack (4.1.4) lib/action_dispatch/middleware/show_exceptions.rb:30:in `call'
  railties (4.1.4) lib/rails/rack/logger.rb:38:in `call_app'
  railties (4.1.4) lib/rails/rack/logger.rb:20:in `block in call'
  activesupport (4.1.4) lib/active_support/tagged_logging.rb:68:in `block in tagged'
  activesupport (4.1.4) lib/active_support/tagged_logging.rb:26:in `tagged'
  activesupport (4.1.4) lib/active_support/tagged_logging.rb:68:in `tagged'
  railties (4.1.4) lib/rails/rack/logger.rb:20:in `call'
  actionpack (4.1.4) lib/action_dispatch/middleware/request_id.rb:21:in `call'
  rack (1.5.2) lib/rack/methodoverride.rb:21:in `call'
  rack (1.5.2) lib/rack/runtime.rb:17:in `call'
  activesupport (4.1.4) lib/active_support/cache/strategy/local_cache_middleware.rb:26:in `call'
  rack (1.5.2) lib/rack/lock.rb:17:in `call'
  actionpack (4.1.4) lib/action_dispatch/middleware/static.rb:64:in `call'
  rack (1.5.2) lib/rack/sendfile.rb:112:in `call'
  railties (4.1.4) lib/rails/engine.rb:514:in `call'
  railties (4.1.4) lib/rails/application.rb:144:in `call'
  rack (1.5.2) lib/rack/lock.rb:17:in `call'
  rack (1.5.2) lib/rack/content_length.rb:14:in `call'
  rack (1.5.2) lib/rack/handler/webrick.rb:60:in `service'
  /System/Library/Frameworks/Ruby.framework/Versions/2.0/usr/lib/ruby/2.0.0/webrick/httpserver.rb:138:in `service'
  /System/Library/Frameworks/Ruby.framework/Versions/2.0/usr/lib/ruby/2.0.0/webrick/httpserver.rb:94:in `run'
  /System/Library/Frameworks/Ruby.framework/Versions/2.0/usr/lib/ruby/2.0.0/webrick/server.rb:295:in `block in start_thread'


  Rendered /Library/Ruby/Gems/2.0.0/gems/actionpack-4.1.4/lib/action_dispatch/middleware/templates/rescues/_trace.html.erb (2.3ms)
  Rendered /Library/Ruby/Gems/2.0.0/gems/actionpack-4.1.4/lib/action_dispatch/middleware/templates/routes/_route.html.erb (0.7ms)
  Rendered /Library/Ruby/Gems/2.0.0/gems/actionpack-4.1.4/lib/action_dispatch/middleware/templates/routes/_table.html.erb (1.0ms)
  Rendered /Library/Ruby/Gems/2.0.0/gems/actionpack-4.1.4/lib/action_dispatch/middleware/templates/rescues/routing_error.html.erb within rescues/layout (16.2ms)


Started GET "/search?utf8=%E2%9C%93&sf=ad&limit=12&commit=Search" for 127.0.0.1 at 2014-08-14 01:05:58 -0700

ActionController::RoutingError (No route matches [GET] "/search"):
  actionpack (4.1.4) lib/action_dispatch/middleware/debug_exceptions.rb:21:in `call'
  actionpack (4.1.4) lib/action_dispatch/middleware/show_exceptions.rb:30:in `call'
  railties (4.1.4) lib/rails/rack/logger.rb:38:in `call_app'
  railties (4.1.4) lib/rails/rack/logger.rb:20:in `block in call'
  activesupport (4.1.4) lib/active_support/tagged_logging.rb:68:in `block in tagged'
  activesupport (4.1.4) lib/active_support/tagged_logging.rb:26:in `tagged'
  activesupport (4.1.4) lib/active_support/tagged_logging.rb:68:in `tagged'
  railties (4.1.4) lib/rails/rack/logger.rb:20:in `call'
  actionpack (4.1.4) lib/action_dispatch/middleware/request_id.rb:21:in `call'
  rack (1.5.2) lib/rack/methodoverride.rb:21:in `call'
  rack (1.5.2) lib/rack/runtime.rb:17:in `call'
  activesupport (4.1.4) lib/active_support/cache/strategy/local_cache_middleware.rb:26:in `call'
  rack (1.5.2) lib/rack/lock.rb:17:in `call'
  actionpack (4.1.4) lib/action_dispatch/middleware/static.rb:64:in `call'
  rack (1.5.2) lib/rack/sendfile.rb:112:in `call'
  railties (4.1.4) lib/rails/engine.rb:514:in `call'
  railties (4.1.4) lib/rails/application.rb:144:in `call'
  rack (1.5.2) lib/rack/lock.rb:17:in `call'
  rack (1.5.2) lib/rack/content_length.rb:14:in `call'
  rack (1.5.2) lib/rack/handler/webrick.rb:60:in `service'
  /System/Library/Frameworks/Ruby.framework/Versions/2.0/usr/lib/ruby/2.0.0/webrick/httpserver.rb:138:in `service'
  /System/Library/Frameworks/Ruby.framework/Versions/2.0/usr/lib/ruby/2.0.0/webrick/httpserver.rb:94:in `run'
  /System/Library/Frameworks/Ruby.framework/Versions/2.0/usr/lib/ruby/2.0.0/webrick/server.rb:295:in `block in start_thread'


  Rendered /Library/Ruby/Gems/2.0.0/gems/actionpack-4.1.4/lib/action_dispatch/middleware/templates/rescues/_trace.html.erb (0.8ms)
  Rendered /Library/Ruby/Gems/2.0.0/gems/actionpack-4.1.4/lib/action_dispatch/middleware/templates/routes/_route.html.erb (1.7ms)
  Rendered /Library/Ruby/Gems/2.0.0/gems/actionpack-4.1.4/lib/action_dispatch/middleware/templates/routes/_table.html.erb (1.1ms)
  Rendered /Library/Ruby/Gems/2.0.0/gems/actionpack-4.1.4/lib/action_dispatch/middleware/templates/rescues/routing_error.html.erb within rescues/layout (16.1ms)


Started GET "/search?utf8=%E2%9C%93&sf=ad&limit=12&commit=Search" for 127.0.0.1 at 2014-08-14 01:06:14 -0700

ActionController::RoutingError (No route matches [GET] "/search"):
  actionpack (4.1.4) lib/action_dispatch/middleware/debug_exceptions.rb:21:in `call'
  actionpack (4.1.4) lib/action_dispatch/middleware/show_exceptions.rb:30:in `call'
  railties (4.1.4) lib/rails/rack/logger.rb:38:in `call_app'
  railties (4.1.4) lib/rails/rack/logger.rb:20:in `block in call'
  activesupport (4.1.4) lib/active_support/tagged_logging.rb:68:in `block in tagged'
  activesupport (4.1.4) lib/active_support/tagged_logging.rb:26:in `tagged'
  activesupport (4.1.4) lib/active_support/tagged_logging.rb:68:in `tagged'
  railties (4.1.4) lib/rails/rack/logger.rb:20:in `call'
  actionpack (4.1.4) lib/action_dispatch/middleware/request_id.rb:21:in `call'
  rack (1.5.2) lib/rack/methodoverride.rb:21:in `call'
  rack (1.5.2) lib/rack/runtime.rb:17:in `call'
  activesupport (4.1.4) lib/active_support/cache/strategy/local_cache_middleware.rb:26:in `call'
  rack (1.5.2) lib/rack/lock.rb:17:in `call'
  actionpack (4.1.4) lib/action_dispatch/middleware/static.rb:64:in `call'
  rack (1.5.2) lib/rack/sendfile.rb:112:in `call'
  railties (4.1.4) lib/rails/engine.rb:514:in `call'
  railties (4.1.4) lib/rails/application.rb:144:in `call'
  rack (1.5.2) lib/rack/lock.rb:17:in `call'
  rack (1.5.2) lib/rack/content_length.rb:14:in `call'
  rack (1.5.2) lib/rack/handler/webrick.rb:60:in `service'
  /System/Library/Frameworks/Ruby.framework/Versions/2.0/usr/lib/ruby/2.0.0/webrick/httpserver.rb:138:in `service'
  /System/Library/Frameworks/Ruby.framework/Versions/2.0/usr/lib/ruby/2.0.0/webrick/httpserver.rb:94:in `run'
  /System/Library/Frameworks/Ruby.framework/Versions/2.0/usr/lib/ruby/2.0.0/webrick/server.rb:295:in `block in start_thread'


  Rendered /Library/Ruby/Gems/2.0.0/gems/actionpack-4.1.4/lib/action_dispatch/middleware/templates/rescues/_trace.html.erb (1.6ms)
  Rendered /Library/Ruby/Gems/2.0.0/gems/actionpack-4.1.4/lib/action_dispatch/middleware/templates/routes/_route.html.erb (0.7ms)
  Rendered /Library/Ruby/Gems/2.0.0/gems/actionpack-4.1.4/lib/action_dispatch/middleware/templates/routes/_table.html.erb (0.8ms)
  Rendered /Library/Ruby/Gems/2.0.0/gems/actionpack-4.1.4/lib/action_dispatch/middleware/templates/rescues/routing_error.html.erb within rescues/layout (15.5ms)


Started GET "/search?utf8=%E2%9C%93&sf=ad&limit=12&commit=Search" for 127.0.0.1 at 2014-08-14 01:06:16 -0700

ActionController::RoutingError (No route matches [GET] "/search"):
  actionpack (4.1.4) lib/action_dispatch/middleware/debug_exceptions.rb:21:in `call'
  actionpack (4.1.4) lib/action_dispatch/middleware/show_exceptions.rb:30:in `call'
  railties (4.1.4) lib/rails/rack/logger.rb:38:in `call_app'
  railties (4.1.4) lib/rails/rack/logger.rb:20:in `block in call'
  activesupport (4.1.4) lib/active_support/tagged_logging.rb:68:in `block in tagged'
  activesupport (4.1.4) lib/active_support/tagged_logging.rb:26:in `tagged'
  activesupport (4.1.4) lib/active_support/tagged_logging.rb:68:in `tagged'
  railties (4.1.4) lib/rails/rack/logger.rb:20:in `call'
  actionpack (4.1.4) lib/action_dispatch/middleware/request_id.rb:21:in `call'
  rack (1.5.2) lib/rack/methodoverride.rb:21:in `call'
  rack (1.5.2) lib/rack/runtime.rb:17:in `call'
  activesupport (4.1.4) lib/active_support/cache/strategy/local_cache_middleware.rb:26:in `call'
  rack (1.5.2) lib/rack/lock.rb:17:in `call'
  actionpack (4.1.4) lib/action_dispatch/middleware/static.rb:64:in `call'
  rack (1.5.2) lib/rack/sendfile.rb:112:in `call'
  railties (4.1.4) lib/rails/engine.rb:514:in `call'
  railties (4.1.4) lib/rails/application.rb:144:in `call'
  rack (1.5.2) lib/rack/lock.rb:17:in `call'
  rack (1.5.2) lib/rack/content_length.rb:14:in `call'
  rack (1.5.2) lib/rack/handler/webrick.rb:60:in `service'
  /System/Library/Frameworks/Ruby.framework/Versions/2.0/usr/lib/ruby/2.0.0/webrick/httpserver.rb:138:in `service'
  /System/Library/Frameworks/Ruby.framework/Versions/2.0/usr/lib/ruby/2.0.0/webrick/httpserver.rb:94:in `run'
  /System/Library/Frameworks/Ruby.framework/Versions/2.0/usr/lib/ruby/2.0.0/webrick/server.rb:295:in `block in start_thread'


  Rendered /Library/Ruby/Gems/2.0.0/gems/actionpack-4.1.4/lib/action_dispatch/middleware/templates/rescues/_trace.html.erb (1.5ms)
  Rendered /Library/Ruby/Gems/2.0.0/gems/actionpack-4.1.4/lib/action_dispatch/middleware/templates/routes/_route.html.erb (0.7ms)
  Rendered /Library/Ruby/Gems/2.0.0/gems/actionpack-4.1.4/lib/action_dispatch/middleware/templates/routes/_table.html.erb (1.4ms)
  Rendered /Library/Ruby/Gems/2.0.0/gems/actionpack-4.1.4/lib/action_dispatch/middleware/templates/rescues/routing_error.html.erb within rescues/layout (17.6ms)


Started GET "/" for 127.0.0.1 at 2014-08-14 01:06:18 -0700
Processing by IndexController#index as HTML
  Rendered index/index.erb within layouts/application (0.7ms)
Completed 200 OK in 4ms (Views: 3.7ms | ActiveRecord: 0.0ms)


Started GET "/assets/index.css?body=1" for 127.0.0.1 at 2014-08-14 01:06:18 -0700


Started GET "/assets/application.css?body=1" for 127.0.0.1 at 2014-08-14 01:06:18 -0700


Started GET "/assets/jquery.js?body=1" for 127.0.0.1 at 2014-08-14 01:06:18 -0700


Started GET "/assets/application.js?body=1" for 127.0.0.1 at 2014-08-14 01:06:18 -0700


Started GET "/assets/turbolinks.js?body=1" for 127.0.0.1 at 2014-08-14 01:06:18 -0700


Started GET "/assets/jquery_ujs.js?body=1" for 127.0.0.1 at 2014-08-14 01:06:18 -0700


Started GET "/assets/index.js?body=1" for 127.0.0.1 at 2014-08-14 01:06:18 -0700


Started POST "/search" for 127.0.0.1 at 2014-08-14 01:06:22 -0700
Processing by IndexController#search as HTML
  Parameters: {"utf8"=>"✓", "authenticity_token"=>"Rcfu77Lz/QaT0lxcw2NtTgRYjY1adBiRtOobxuUTUEo=", "sf"=>"ad", "limit"=>"12", "commit"=>"Search"}
  Rendered index/result.erb within layouts/application (0.8ms)
Completed 200 OK in 7ms (Views: 6.5ms | ActiveRecord: 0.0ms)


Started GET "/assets/index.css?body=1" for 127.0.0.1 at 2014-08-14 01:06:22 -0700


Started GET "/assets/jquery.js?body=1" for 127.0.0.1 at 2014-08-14 01:06:22 -0700


Started GET "/assets/application.css?body=1" for 127.0.0.1 at 2014-08-14 01:06:22 -0700


Started GET "/assets/turbolinks.js?body=1" for 127.0.0.1 at 2014-08-14 01:06:22 -0700


Started GET "/assets/index.js?body=1" for 127.0.0.1 at 2014-08-14 01:06:22 -0700


Started GET "/assets/jquery_ujs.js?body=1" for 127.0.0.1 at 2014-08-14 01:06:22 -0700


Started GET "/assets/application.js?body=1" for 127.0.0.1 at 2014-08-14 01:06:22 -0700


Started POST "/search" for 127.0.0.1 at 2014-08-14 01:06:57 -0700
Processing by IndexController#search as HTML
  Parameters: {"utf8"=>"✓", "authenticity_token"=>"Rcfu77Lz/QaT0lxcw2NtTgRYjY1adBiRtOobxuUTUEo=", "sf"=>"ad", "limit"=>"12", "commit"=>"Search"}
  Rendered index/result.erb within layouts/application (0.1ms)
Completed 200 OK in 8ms (Views: 5.8ms | ActiveRecord: 0.0ms)


Started GET "/assets/index.css?body=1" for 127.0.0.1 at 2014-08-14 01:06:57 -0700


Started GET "/assets/application.css?body=1" for 127.0.0.1 at 2014-08-14 01:06:57 -0700


Started GET "/assets/jquery.js?body=1" for 127.0.0.1 at 2014-08-14 01:06:57 -0700


Started GET "/assets/jquery_ujs.js?body=1" for 127.0.0.1 at 2014-08-14 01:06:57 -0700


Started GET "/assets/application.js?body=1" for 127.0.0.1 at 2014-08-14 01:06:57 -0700


Started GET "/assets/turbolinks.js?body=1" for 127.0.0.1 at 2014-08-14 01:06:57 -0700


Started GET "/assets/index.js?body=1" for 127.0.0.1 at 2014-08-14 01:06:57 -0700


Started GET "/" for 127.0.0.1 at 2014-08-14 01:08:52 -0700
Processing by IndexController#index as HTML
  Rendered index/index.erb within layouts/application (0.4ms)
Completed 200 OK in 5ms (Views: 4.3ms | ActiveRecord: 0.0ms)


Started GET "/assets/application.css?body=1" for 127.0.0.1 at 2014-08-14 01:08:52 -0700


Started GET "/assets/index.css?body=1" for 127.0.0.1 at 2014-08-14 01:08:52 -0700


Started GET "/assets/jquery.js?body=1" for 127.0.0.1 at 2014-08-14 01:08:52 -0700


Started GET "/assets/jquery_ujs.js?body=1" for 127.0.0.1 at 2014-08-14 01:08:52 -0700


Started GET "/assets/turbolinks.js?body=1" for 127.0.0.1 at 2014-08-14 01:08:52 -0700


Started GET "/assets/index.js?body=1" for 127.0.0.1 at 2014-08-14 01:08:52 -0700


Started GET "/assets/application.js?body=1" for 127.0.0.1 at 2014-08-14 01:08:52 -0700


Started POST "/search" for 127.0.0.1 at 2014-08-14 01:08:55 -0700
Processing by IndexController#search as HTML
  Parameters: {"utf8"=>"✓", "authenticity_token"=>"Rcfu77Lz/QaT0lxcw2NtTgRYjY1adBiRtOobxuUTUEo=", "sf"=>"ad", "limit"=>"12", "commit"=>"Search"}
  Rendered index/result.erb within layouts/application (0.0ms)
Completed 200 OK in 1076ms (Views: 3.4ms | ActiveRecord: 0.0ms)


Started GET "/assets/application.css?body=1" for 127.0.0.1 at 2014-08-14 01:08:57 -0700


Started GET "/assets/index.css?body=1" for 127.0.0.1 at 2014-08-14 01:08:57 -0700


Started GET "/assets/jquery.js?body=1" for 127.0.0.1 at 2014-08-14 01:08:57 -0700


Started GET "/assets/index.js?body=1" for 127.0.0.1 at 2014-08-14 01:08:57 -0700


Started GET "/assets/turbolinks.js?body=1" for 127.0.0.1 at 2014-08-14 01:08:57 -0700


Started GET "/assets/jquery_ujs.js?body=1" for 127.0.0.1 at 2014-08-14 01:08:57 -0700


Started GET "/assets/application.js?body=1" for 127.0.0.1 at 2014-08-14 01:08:57 -0700


Started POST "/search" for 127.0.0.1 at 2014-08-14 01:10:56 -0700
Processing by IndexController#search as HTML
  Parameters: {"utf8"=>"✓", "authenticity_token"=>"Rcfu77Lz/QaT0lxcw2NtTgRYjY1adBiRtOobxuUTUEo=", "sf"=>"ad", "limit"=>"12", "commit"=>"Search"}
  Rendered index/result.erb within layouts/application (33.2ms)
Completed 200 OK in 980ms (Views: 44.9ms | ActiveRecord: 0.0ms)


Started GET "/assets/index.css?body=1" for 127.0.0.1 at 2014-08-14 01:10:57 -0700


Started GET "/assets/application.css?body=1" for 127.0.0.1 at 2014-08-14 01:10:57 -0700


Started GET "/assets/jquery.js?body=1" for 127.0.0.1 at 2014-08-14 01:10:57 -0700


Started GET "/assets/index.js?body=1" for 127.0.0.1 at 2014-08-14 01:10:57 -0700


Started GET "/assets/application.js?body=1" for 127.0.0.1 at 2014-08-14 01:10:57 -0700


Started GET "/assets/jquery_ujs.js?body=1" for 127.0.0.1 at 2014-08-14 01:10:57 -0700


Started GET "/assets/turbolinks.js?body=1" for 127.0.0.1 at 2014-08-14 01:10:57 -0700


Started POST "/search" for 127.0.0.1 at 2014-08-14 01:11:12 -0700
Processing by IndexController#search as HTML
  Parameters: {"utf8"=>"✓", "authenticity_token"=>"Rcfu77Lz/QaT0lxcw2NtTgRYjY1adBiRtOobxuUTUEo=", "sf"=>"ad", "limit"=>"12", "commit"=>"Search"}

***** Debugger requested, but was not available (ensure the debugger gem is listed in Gemfile/installed as gem): Start server with --debugger to enable *****

  Rendered index/result.erb within layouts/application (5.0ms)
Completed 200 OK in 1074ms (Views: 9.2ms | ActiveRecord: 0.0ms)


Started GET "/assets/index.css?body=1" for 127.0.0.1 at 2014-08-14 01:11:13 -0700


Started GET "/assets/application.css?body=1" for 127.0.0.1 at 2014-08-14 01:11:13 -0700


Started GET "/assets/jquery.js?body=1" for 127.0.0.1 at 2014-08-14 01:11:13 -0700


Started GET "/assets/jquery_ujs.js?body=1" for 127.0.0.1 at 2014-08-14 01:11:13 -0700


Started GET "/assets/index.js?body=1" for 127.0.0.1 at 2014-08-14 01:11:13 -0700


Started GET "/assets/turbolinks.js?body=1" for 127.0.0.1 at 2014-08-14 01:11:13 -0700


Started GET "/assets/application.js?body=1" for 127.0.0.1 at 2014-08-14 01:11:13 -0700


Started POST "/search" for 127.0.0.1 at 2014-08-14 01:11:22 -0700
Processing by IndexController#search as HTML
  Parameters: {"utf8"=>"✓", "authenticity_token"=>"Rcfu77Lz/QaT0lxcw2NtTgRYjY1adBiRtOobxuUTUEo=", "sf"=>"ad", "limit"=>"12", "commit"=>"Search"}

***** Debugger requested, but was not available (ensure the debugger gem is listed in Gemfile/installed as gem): Start server with --debugger to enable *****

  Rendered index/result.erb within layouts/application (4.6ms)
Completed 200 OK in 1094ms (Views: 7.6ms | ActiveRecord: 0.0ms)


Started GET "/assets/application.css?body=1" for 127.0.0.1 at 2014-08-14 01:11:23 -0700


Started GET "/assets/index.css?body=1" for 127.0.0.1 at 2014-08-14 01:11:23 -0700


Started GET "/assets/turbolinks.js?body=1" for 127.0.0.1 at 2014-08-14 01:11:23 -0700


Started GET "/assets/jquery.js?body=1" for 127.0.0.1 at 2014-08-14 01:11:23 -0700


Started GET "/assets/index.js?body=1" for 127.0.0.1 at 2014-08-14 01:11:23 -0700


Started GET "/assets/jquery_ujs.js?body=1" for 127.0.0.1 at 2014-08-14 01:11:23 -0700


Started GET "/assets/application.js?body=1" for 127.0.0.1 at 2014-08-14 01:11:23 -0700


Started POST "/search" for 127.0.0.1 at 2014-08-14 01:12:09 -0700
Processing by IndexController#search as HTML
  Parameters: {"utf8"=>"✓", "authenticity_token"=>"Rcfu77Lz/QaT0lxcw2NtTgRYjY1adBiRtOobxuUTUEo=", "sf"=>"ad", "limit"=>"12", "commit"=>"Search"}

***** Debugger requested, but was not available (ensure the debugger gem is listed in Gemfile/installed as gem): Start server with --debugger to enable *****

  Rendered index/result.erb within layouts/application (2.2ms)
Completed 200 OK in 1098ms (Views: 5.8ms | ActiveRecord: 0.0ms)


Started GET "/assets/index.css?body=1" for 127.0.0.1 at 2014-08-14 01:12:10 -0700


Started GET "/assets/turbolinks.js?body=1" for 127.0.0.1 at 2014-08-14 01:12:10 -0700


Started GET "/assets/application.js?body=1" for 127.0.0.1 at 2014-08-14 01:12:10 -0700


Started GET "/assets/index.js?body=1" for 127.0.0.1 at 2014-08-14 01:12:10 -0700


Started GET "/assets/application.css?body=1" for 127.0.0.1 at 2014-08-14 01:12:10 -0700


Started GET "/assets/jquery.js?body=1" for 127.0.0.1 at 2014-08-14 01:12:10 -0700


Started GET "/assets/jquery_ujs.js?body=1" for 127.0.0.1 at 2014-08-14 01:12:10 -0700


Started POST "/search" for 127.0.0.1 at 2014-08-14 01:12:32 -0700
Processing by IndexController#search as HTML
  Parameters: {"utf8"=>"✓", "authenticity_token"=>"Rcfu77Lz/QaT0lxcw2NtTgRYjY1adBiRtOobxuUTUEo=", "sf"=>"ad", "limit"=>"12", "commit"=>"Search"}
  Rendered index/result.erb within layouts/application (0.9ms)
Completed 500 Internal Server Error in 931ms

ActionView::Template::Error (no implicit conversion of Symbol into Integer):
    1: <%= @result[:sf].to_s %>
  app/views/index/result.erb:1:in `[]'
  app/views/index/result.erb:1:in `_app_views_index_result_erb__2446031377953490864_70172843517600'
  app/controllers/index_controller.rb:22:in `search'


  Rendered /Library/Ruby/Gems/2.0.0/gems/actionpack-4.1.4/lib/action_dispatch/middleware/templates/rescues/_trace.html.erb (1.2ms)
  Rendered /Library/Ruby/Gems/2.0.0/gems/actionpack-4.1.4/lib/action_dispatch/middleware/templates/rescues/_request_and_response.html.erb (1.0ms)
  Rendered /Library/Ruby/Gems/2.0.0/gems/actionpack-4.1.4/lib/action_dispatch/middleware/templates/rescues/template_error.html.erb within rescues/layout (12.4ms)


Started POST "/search" for 127.0.0.1 at 2014-08-14 01:12:49 -0700
Processing by IndexController#search as HTML
  Parameters: {"utf8"=>"✓", "authenticity_token"=>"Rcfu77Lz/QaT0lxcw2NtTgRYjY1adBiRtOobxuUTUEo=", "sf"=>"ad", "limit"=>"12", "commit"=>"Search"}
  Rendered index/result.erb within layouts/application (1.1ms)
Completed 500 Internal Server Error in 1100ms

ActionView::Template::Error (no implicit conversion of String into Integer):
    1: <%= @result['sf'].to_s %>
  app/views/index/result.erb:1:in `[]'
  app/views/index/result.erb:1:in `_app_views_index_result_erb__2446031377953490864_70172844682280'
  app/controllers/index_controller.rb:22:in `search'


  Rendered /Library/Ruby/Gems/2.0.0/gems/actionpack-4.1.4/lib/action_dispatch/middleware/templates/rescues/_trace.html.erb (0.9ms)
  Rendered /Library/Ruby/Gems/2.0.0/gems/actionpack-4.1.4/lib/action_dispatch/middleware/templates/rescues/_request_and_response.html.erb (0.7ms)
  Rendered /Library/Ruby/Gems/2.0.0/gems/actionpack-4.1.4/lib/action_dispatch/middleware/templates/rescues/template_error.html.erb within rescues/layout (8.3ms)


Started POST "/search" for 127.0.0.1 at 2014-08-14 01:13:08 -0700
Processing by IndexController#search as HTML
  Parameters: {"utf8"=>"✓", "authenticity_token"=>"Rcfu77Lz/QaT0lxcw2NtTgRYjY1adBiRtOobxuUTUEo=", "sf"=>"ad", "limit"=>"12", "commit"=>"Search"}
  Rendered index/result.erb within layouts/application (0.8ms)
Completed 200 OK in 947ms (Views: 4.8ms | ActiveRecord: 0.0ms)


Started GET "/assets/index.css?body=1" for 127.0.0.1 at 2014-08-14 01:13:09 -0700


Started GET "/assets/application.css?body=1" for 127.0.0.1 at 2014-08-14 01:13:09 -0700


Started GET "/assets/jquery_ujs.js?body=1" for 127.0.0.1 at 2014-08-14 01:13:09 -0700


Started GET "/assets/index.js?body=1" for 127.0.0.1 at 2014-08-14 01:13:09 -0700


Started GET "/assets/turbolinks.js?body=1" for 127.0.0.1 at 2014-08-14 01:13:09 -0700


Started GET "/assets/jquery.js?body=1" for 127.0.0.1 at 2014-08-14 01:13:09 -0700


Started GET "/assets/application.js?body=1" for 127.0.0.1 at 2014-08-14 01:13:09 -0700


Started POST "/search" for 127.0.0.1 at 2014-08-14 01:13:45 -0700
Processing by IndexController#search as HTML
  Parameters: {"utf8"=>"✓", "authenticity_token"=>"Rcfu77Lz/QaT0lxcw2NtTgRYjY1adBiRtOobxuUTUEo=", "sf"=>"ad", "limit"=>"12", "commit"=>"Search"}
  Rendered index/result.erb within layouts/application (4.2ms)
Completed 200 OK in 1081ms (Views: 7.4ms | ActiveRecord: 0.0ms)


Started GET "/assets/index.css?body=1" for 127.0.0.1 at 2014-08-14 01:13:46 -0700


Started GET "/assets/jquery.js?body=1" for 127.0.0.1 at 2014-08-14 01:13:46 -0700


Started GET "/assets/application.css?body=1" for 127.0.0.1 at 2014-08-14 01:13:46 -0700


Started GET "/assets/turbolinks.js?body=1" for 127.0.0.1 at 2014-08-14 01:13:46 -0700


Started GET "/assets/jquery_ujs.js?body=1" for 127.0.0.1 at 2014-08-14 01:13:46 -0700


Started GET "/assets/index.js?body=1" for 127.0.0.1 at 2014-08-14 01:13:46 -0700


Started GET "/assets/application.js?body=1" for 127.0.0.1 at 2014-08-14 01:13:46 -0700


Started POST "/search" for 127.0.0.1 at 2014-08-14 01:14:02 -0700
Processing by IndexController#search as HTML
  Parameters: {"utf8"=>"✓", "authenticity_token"=>"Rcfu77Lz/QaT0lxcw2NtTgRYjY1adBiRtOobxuUTUEo=", "sf"=>"ad", "limit"=>"12", "commit"=>"Search"}
  Rendered index/result.erb within layouts/application (0.5ms)
Completed 200 OK in 1100ms (Views: 4.6ms | ActiveRecord: 0.0ms)


Started GET "/assets/application.css?body=1" for 127.0.0.1 at 2014-08-14 01:14:04 -0700


Started GET "/assets/index.css?body=1" for 127.0.0.1 at 2014-08-14 01:14:04 -0700


Started GET "/assets/jquery_ujs.js?body=1" for 127.0.0.1 at 2014-08-14 01:14:04 -0700


Started GET "/assets/turbolinks.js?body=1" for 127.0.0.1 at 2014-08-14 01:14:04 -0700


Started GET "/assets/index.js?body=1" for 127.0.0.1 at 2014-08-14 01:14:04 -0700


Started GET "/assets/jquery.js?body=1" for 127.0.0.1 at 2014-08-14 01:14:04 -0700


Started GET "/assets/application.js?body=1" for 127.0.0.1 at 2014-08-14 01:14:04 -0700


Started POST "/search" for 127.0.0.1 at 2014-08-14 01:14:08 -0700
Processing by IndexController#search as HTML
  Parameters: {"utf8"=>"✓", "authenticity_token"=>"Rcfu77Lz/QaT0lxcw2NtTgRYjY1adBiRtOobxuUTUEo=", "sf"=>"ad", "limit"=>"12", "commit"=>"Search"}
  Rendered index/result.erb within layouts/application (0.1ms)
Completed 200 OK in 949ms (Views: 4.0ms | ActiveRecord: 0.0ms)


Started GET "/assets/application.css?body=1" for 127.0.0.1 at 2014-08-14 01:14:09 -0700


Started GET "/assets/index.css?body=1" for 127.0.0.1 at 2014-08-14 01:14:09 -0700


Started GET "/assets/jquery.js?body=1" for 127.0.0.1 at 2014-08-14 01:14:09 -0700


Started GET "/assets/jquery_ujs.js?body=1" for 127.0.0.1 at 2014-08-14 01:14:09 -0700


Started GET "/assets/turbolinks.js?body=1" for 127.0.0.1 at 2014-08-14 01:14:09 -0700


Started GET "/assets/index.js?body=1" for 127.0.0.1 at 2014-08-14 01:14:09 -0700


Started GET "/assets/application.js?body=1" for 127.0.0.1 at 2014-08-14 01:14:09 -0700


Started POST "/search" for 127.0.0.1 at 2014-08-14 01:14:18 -0700
Processing by IndexController#search as HTML
  Parameters: {"utf8"=>"✓", "authenticity_token"=>"Rcfu77Lz/QaT0lxcw2NtTgRYjY1adBiRtOobxuUTUEo=", "sf"=>"ad", "limit"=>"12", "commit"=>"Search"}
  Rendered index/result.erb within layouts/application (5.2ms)
Completed 200 OK in 1084ms (Views: 9.3ms | ActiveRecord: 0.0ms)


Started GET "/assets/application.css?body=1" for 127.0.0.1 at 2014-08-14 01:14:19 -0700


Started GET "/assets/index.css?body=1" for 127.0.0.1 at 2014-08-14 01:14:19 -0700


Started GET "/assets/jquery_ujs.js?body=1" for 127.0.0.1 at 2014-08-14 01:14:19 -0700


Started GET "/assets/index.js?body=1" for 127.0.0.1 at 2014-08-14 01:14:19 -0700


Started GET "/assets/turbolinks.js?body=1" for 127.0.0.1 at 2014-08-14 01:14:19 -0700


Started GET "/assets/jquery.js?body=1" for 127.0.0.1 at 2014-08-14 01:14:19 -0700


Started GET "/assets/application.js?body=1" for 127.0.0.1 at 2014-08-14 01:14:19 -0700


Started POST "/search" for 127.0.0.1 at 2014-08-14 01:14:36 -0700
Processing by IndexController#search as HTML
  Parameters: {"utf8"=>"✓", "authenticity_token"=>"Rcfu77Lz/QaT0lxcw2NtTgRYjY1adBiRtOobxuUTUEo=", "sf"=>"lol", "limit"=>"12", "commit"=>"Search"}
  Rendered index/result.erb within layouts/application (0.6ms)
Completed 500 Internal Server Error in 417ms

ActionView::Template::Error (undefined method `[]' for nil:NilClass):
    1: <%= @result[0]['lfs'].to_s %>
  app/views/index/result.erb:1:in `_app_views_index_result_erb__2446031377953490864_70172842882160'
  app/controllers/index_controller.rb:22:in `search'


  Rendered /Library/Ruby/Gems/2.0.0/gems/actionpack-4.1.4/lib/action_dispatch/middleware/templates/rescues/_trace.html.erb (0.8ms)
  Rendered /Library/Ruby/Gems/2.0.0/gems/actionpack-4.1.4/lib/action_dispatch/middleware/templates/rescues/_request_and_response.html.erb (0.8ms)
  Rendered /Library/Ruby/Gems/2.0.0/gems/actionpack-4.1.4/lib/action_dispatch/middleware/templates/rescues/template_error.html.erb within rescues/layout (8.3ms)


Started POST "/search" for 127.0.0.1 at 2014-08-14 01:15:43 -0700
Processing by IndexController#search as HTML
  Parameters: {"utf8"=>"✓", "authenticity_token"=>"Rcfu77Lz/QaT0lxcw2NtTgRYjY1adBiRtOobxuUTUEo=", "sf"=>"lol", "limit"=>"12", "commit"=>"Search"}
  Rendered index/result.erb within layouts/application (0.6ms)
Completed 200 OK in 416ms (Views: 4.9ms | ActiveRecord: 0.0ms)


Started GET "/assets/index.css?body=1" for 127.0.0.1 at 2014-08-14 01:15:44 -0700


Started GET "/assets/jquery_ujs.js?body=1" for 127.0.0.1 at 2014-08-14 01:15:44 -0700


Started GET "/assets/application.css?body=1" for 127.0.0.1 at 2014-08-14 01:15:44 -0700


Started GET "/assets/jquery.js?body=1" for 127.0.0.1 at 2014-08-14 01:15:44 -0700


Started GET "/assets/application.js?body=1" for 127.0.0.1 at 2014-08-14 01:15:44 -0700


Started GET "/assets/turbolinks.js?body=1" for 127.0.0.1 at 2014-08-14 01:15:44 -0700


Started GET "/assets/index.js?body=1" for 127.0.0.1 at 2014-08-14 01:15:44 -0700


Started POST "/search" for 127.0.0.1 at 2014-08-14 01:17:02 -0700
Processing by IndexController#search as HTML
  Parameters: {"utf8"=>"✓", "authenticity_token"=>"Rcfu77Lz/QaT0lxcw2NtTgRYjY1adBiRtOobxuUTUEo=", "sf"=>"lol", "limit"=>"12", "commit"=>"Search"}
  Rendered index/result.erb within layouts/application (0.7ms)
Completed 500 Internal Server Error in 413ms

SyntaxError (/Users/qhduong/nordstrom/app/views/index/result.erb:11: syntax error, unexpected keyword_ensure, expecting keyword_end
/Users/qhduong/nordstrom/app/views/index/result.erb:13: syntax error, unexpected end-of-input, expecting keyword_end):
  app/views/index/result.erb:11: syntax error, unexpected keyword_ensure, expecting keyword_end
  app/views/index/result.erb:13: syntax error, unexpected end-of-input, expecting keyword_end
  app/controllers/index_controller.rb:22:in `search'


  Rendered /Library/Ruby/Gems/2.0.0/gems/actionpack-4.1.4/lib/action_dispatch/middleware/templates/rescues/_source.erb (0.7ms)
  Rendered /Library/Ruby/Gems/2.0.0/gems/actionpack-4.1.4/lib/action_dispatch/middleware/templates/rescues/_trace.html.erb (33.3ms)
  Rendered /Library/Ruby/Gems/2.0.0/gems/actionpack-4.1.4/lib/action_dispatch/middleware/templates/rescues/_request_and_response.html.erb (1.0ms)
  Rendered /Library/Ruby/Gems/2.0.0/gems/actionpack-4.1.4/lib/action_dispatch/middleware/templates/rescues/diagnostics.erb within rescues/layout (47.6ms)


Started POST "/search" for 127.0.0.1 at 2014-08-14 01:18:56 -0700
Processing by IndexController#search as HTML
  Parameters: {"utf8"=>"✓", "authenticity_token"=>"Rcfu77Lz/QaT0lxcw2NtTgRYjY1adBiRtOobxuUTUEo=", "sf"=>"lol", "limit"=>"12", "commit"=>"Search"}
  Rendered index/result.erb within layouts/application (0.6ms)
Completed 500 Internal Server Error in 413ms

SyntaxError (/Users/qhduong/nordstrom/app/views/index/result.erb:11: syntax error, unexpected keyword_ensure, expecting keyword_end
/Users/qhduong/nordstrom/app/views/index/result.erb:13: syntax error, unexpected end-of-input, expecting keyword_end):
  app/views/index/result.erb:11: syntax error, unexpected keyword_ensure, expecting keyword_end
  app/views/index/result.erb:13: syntax error, unexpected end-of-input, expecting keyword_end
  app/controllers/index_controller.rb:32:in `search'


  Rendered /Library/Ruby/Gems/2.0.0/gems/actionpack-4.1.4/lib/action_dispatch/middleware/templates/rescues/_source.erb (0.4ms)
  Rendered /Library/Ruby/Gems/2.0.0/gems/actionpack-4.1.4/lib/action_dispatch/middleware/templates/rescues/_trace.html.erb (0.9ms)
  Rendered /Library/Ruby/Gems/2.0.0/gems/actionpack-4.1.4/lib/action_dispatch/middleware/templates/rescues/_request_and_response.html.erb (0.7ms)
  Rendered /Library/Ruby/Gems/2.0.0/gems/actionpack-4.1.4/lib/action_dispatch/middleware/templates/rescues/diagnostics.erb within rescues/layout (11.3ms)


Started POST "/search" for 127.0.0.1 at 2014-08-14 01:18:59 -0700
Processing by IndexController#search as HTML
  Parameters: {"utf8"=>"✓", "authenticity_token"=>"Rcfu77Lz/QaT0lxcw2NtTgRYjY1adBiRtOobxuUTUEo=", "sf"=>"lol", "limit"=>"12", "commit"=>"Search"}
  Rendered index/result.erb within layouts/application (0.4ms)
Completed 500 Internal Server Error in 412ms

SyntaxError (/Users/qhduong/nordstrom/app/views/index/result.erb:11: syntax error, unexpected keyword_ensure, expecting keyword_end
/Users/qhduong/nordstrom/app/views/index/result.erb:13: syntax error, unexpected end-of-input, expecting keyword_end):
  app/views/index/result.erb:11: syntax error, unexpected keyword_ensure, expecting keyword_end
  app/views/index/result.erb:13: syntax error, unexpected end-of-input, expecting keyword_end
  app/controllers/index_controller.rb:32:in `search'


  Rendered /Library/Ruby/Gems/2.0.0/gems/actionpack-4.1.4/lib/action_dispatch/middleware/templates/rescues/_source.erb (0.4ms)
  Rendered /Library/Ruby/Gems/2.0.0/gems/actionpack-4.1.4/lib/action_dispatch/middleware/templates/rescues/_trace.html.erb (1.0ms)
  Rendered /Library/Ruby/Gems/2.0.0/gems/actionpack-4.1.4/lib/action_dispatch/middleware/templates/rescues/_request_and_response.html.erb (0.8ms)
  Rendered /Library/Ruby/Gems/2.0.0/gems/actionpack-4.1.4/lib/action_dispatch/middleware/templates/rescues/diagnostics.erb within rescues/layout (11.7ms)


Started POST "/search" for 127.0.0.1 at 2014-08-14 01:19:18 -0700
Processing by IndexController#search as HTML
  Parameters: {"utf8"=>"✓", "authenticity_token"=>"Rcfu77Lz/QaT0lxcw2NtTgRYjY1adBiRtOobxuUTUEo=", "sf"=>"lol", "limit"=>"12", "commit"=>"Search"}
  Rendered index/result.erb within layouts/application (0.4ms)
Completed 200 OK in 419ms (Views: 4.6ms | ActiveRecord: 0.0ms)


Started GET "/assets/index.css?body=1" for 127.0.0.1 at 2014-08-14 01:19:19 -0700


Started GET "/assets/jquery.js?body=1" for 127.0.0.1 at 2014-08-14 01:19:19 -0700


Started GET "/assets/jquery_ujs.js?body=1" for 127.0.0.1 at 2014-08-14 01:19:19 -0700


Started GET "/assets/application.css?body=1" for 127.0.0.1 at 2014-08-14 01:19:19 -0700


Started GET "/assets/application.js?body=1" for 127.0.0.1 at 2014-08-14 01:19:19 -0700


Started GET "/assets/index.js?body=1" for 127.0.0.1 at 2014-08-14 01:19:19 -0700


Started GET "/assets/turbolinks.js?body=1" for 127.0.0.1 at 2014-08-14 01:19:19 -0700


Started POST "/search" for 127.0.0.1 at 2014-08-14 01:19:24 -0700
Processing by IndexController#search as HTML
  Parameters: {"utf8"=>"✓", "authenticity_token"=>"Rcfu77Lz/QaT0lxcw2NtTgRYjY1adBiRtOobxuUTUEo=", "sf"=>"ad", "limit"=>"12", "commit"=>"Search"}
Completed 500 Internal Server Error in 1075ms

NoMethodError (undefined method `[]' for nil:NilClass):
  app/controllers/index_controller.rb:24:in `search'


  Rendered /Library/Ruby/Gems/2.0.0/gems/actionpack-4.1.4/lib/action_dispatch/middleware/templates/rescues/_source.erb (0.5ms)
  Rendered /Library/Ruby/Gems/2.0.0/gems/actionpack-4.1.4/lib/action_dispatch/middleware/templates/rescues/_trace.html.erb (0.8ms)
  Rendered /Library/Ruby/Gems/2.0.0/gems/actionpack-4.1.4/lib/action_dispatch/middleware/templates/rescues/_request_and_response.html.erb (0.7ms)
  Rendered /Library/Ruby/Gems/2.0.0/gems/actionpack-4.1.4/lib/action_dispatch/middleware/templates/rescues/diagnostics.erb within rescues/layout (11.5ms)


Started POST "/search" for 127.0.0.1 at 2014-08-14 01:19:47 -0700
Processing by IndexController#search as HTML
  Parameters: {"utf8"=>"✓", "authenticity_token"=>"Rcfu77Lz/QaT0lxcw2NtTgRYjY1adBiRtOobxuUTUEo=", "sf"=>"ad", "limit"=>"12", "commit"=>"Search"}
Completed 500 Internal Server Error in 1032ms

NoMethodError (undefined method `[]' for nil:NilClass):
  app/controllers/index_controller.rb:24:in `search'


  Rendered /Library/Ruby/Gems/2.0.0/gems/actionpack-4.1.4/lib/action_dispatch/middleware/templates/rescues/_source.erb (0.5ms)
  Rendered /Library/Ruby/Gems/2.0.0/gems/actionpack-4.1.4/lib/action_dispatch/middleware/templates/rescues/_trace.html.erb (0.8ms)
  Rendered /Library/Ruby/Gems/2.0.0/gems/actionpack-4.1.4/lib/action_dispatch/middleware/templates/rescues/_request_and_response.html.erb (0.8ms)
  Rendered /Library/Ruby/Gems/2.0.0/gems/actionpack-4.1.4/lib/action_dispatch/middleware/templates/rescues/diagnostics.erb within rescues/layout (11.3ms)


Started POST "/search" for 127.0.0.1 at 2014-08-14 01:19:58 -0700
Processing by IndexController#search as HTML
  Parameters: {"utf8"=>"✓", "authenticity_token"=>"Rcfu77Lz/QaT0lxcw2NtTgRYjY1adBiRtOobxuUTUEo=", "sf"=>"ad", "limit"=>"12", "commit"=>"Search"}
Completed 500 Internal Server Error in 1050ms

NoMethodError (undefined method `[]' for nil:NilClass):
  app/controllers/index_controller.rb:24:in `search'


  Rendered /Library/Ruby/Gems/2.0.0/gems/actionpack-4.1.4/lib/action_dispatch/middleware/templates/rescues/_source.erb (0.9ms)
  Rendered /Library/Ruby/Gems/2.0.0/gems/actionpack-4.1.4/lib/action_dispatch/middleware/templates/rescues/_trace.html.erb (1.4ms)
  Rendered /Library/Ruby/Gems/2.0.0/gems/actionpack-4.1.4/lib/action_dispatch/middleware/templates/rescues/_request_and_response.html.erb (1.3ms)
  Rendered /Library/Ruby/Gems/2.0.0/gems/actionpack-4.1.4/lib/action_dispatch/middleware/templates/rescues/diagnostics.erb within rescues/layout (19.4ms)


Started POST "/search" for 127.0.0.1 at 2014-08-14 01:20:16 -0700
Processing by IndexController#search as HTML
  Parameters: {"utf8"=>"✓", "authenticity_token"=>"Rcfu77Lz/QaT0lxcw2NtTgRYjY1adBiRtOobxuUTUEo=", "sf"=>"ad", "limit"=>"12", "commit"=>"Search"}
  Rendered index/result.erb within layouts/application (0.1ms)
Completed 200 OK in 1098ms (Views: 32.6ms | ActiveRecord: 0.0ms)


Started GET "/assets/application.css?body=1" for 127.0.0.1 at 2014-08-14 01:20:17 -0700


Started GET "/assets/index.css?body=1" for 127.0.0.1 at 2014-08-14 01:20:17 -0700


Started GET "/assets/turbolinks.js?body=1" for 127.0.0.1 at 2014-08-14 01:20:17 -0700


Started GET "/assets/jquery_ujs.js?body=1" for 127.0.0.1 at 2014-08-14 01:20:17 -0700


Started GET "/assets/jquery.js?body=1" for 127.0.0.1 at 2014-08-14 01:20:17 -0700


Started GET "/assets/application.js?body=1" for 127.0.0.1 at 2014-08-14 01:20:17 -0700


Started GET "/assets/index.js?body=1" for 127.0.0.1 at 2014-08-14 01:20:17 -0700


Started POST "/search" for 127.0.0.1 at 2014-08-14 01:20:29 -0700
Processing by IndexController#search as HTML
  Parameters: {"utf8"=>"✓", "authenticity_token"=>"Rcfu77Lz/QaT0lxcw2NtTgRYjY1adBiRtOobxuUTUEo=", "sf"=>"ad", "limit"=>"12", "commit"=>"Search"}
  Rendered index/result.erb within layouts/application (0.4ms)
Completed 200 OK in 1073ms (Views: 3.7ms | ActiveRecord: 0.0ms)


Started GET "/assets/application.css?body=1" for 127.0.0.1 at 2014-08-14 01:20:31 -0700


Started GET "/assets/index.css?body=1" for 127.0.0.1 at 2014-08-14 01:20:31 -0700


Started GET "/assets/jquery.js?body=1" for 127.0.0.1 at 2014-08-14 01:20:31 -0700


Started GET "/assets/index.js?body=1" for 127.0.0.1 at 2014-08-14 01:20:31 -0700


Started GET "/assets/application.js?body=1" for 127.0.0.1 at 2014-08-14 01:20:31 -0700


Started GET "/assets/jquery_ujs.js?body=1" for 127.0.0.1 at 2014-08-14 01:20:31 -0700


Started GET "/assets/turbolinks.js?body=1" for 127.0.0.1 at 2014-08-14 01:20:31 -0700


Started POST "/search" for 127.0.0.1 at 2014-08-14 01:20:42 -0700
Processing by IndexController#search as HTML
  Parameters: {"utf8"=>"✓", "authenticity_token"=>"Rcfu77Lz/QaT0lxcw2NtTgRYjY1adBiRtOobxuUTUEo=", "sf"=>"ad", "limit"=>"12", "commit"=>"Search"}
  Rendered index/result.erb within layouts/application (0.1ms)
Completed 200 OK in 1046ms (Views: 12.3ms | ActiveRecord: 0.0ms)


Started GET "/assets/index.css?body=1" for 127.0.0.1 at 2014-08-14 01:20:43 -0700


Started GET "/assets/jquery.js?body=1" for 127.0.0.1 at 2014-08-14 01:20:43 -0700


Started GET "/assets/application.css?body=1" for 127.0.0.1 at 2014-08-14 01:20:43 -0700


Started GET "/assets/jquery_ujs.js?body=1" for 127.0.0.1 at 2014-08-14 01:20:43 -0700


Started GET "/assets/turbolinks.js?body=1" for 127.0.0.1 at 2014-08-14 01:20:43 -0700


Started GET "/assets/index.js?body=1" for 127.0.0.1 at 2014-08-14 01:20:43 -0700


Started GET "/assets/application.js?body=1" for 127.0.0.1 at 2014-08-14 01:20:43 -0700


Started POST "/search" for 127.0.0.1 at 2014-08-14 01:21:07 -0700
Processing by IndexController#search as HTML
  Parameters: {"utf8"=>"✓", "authenticity_token"=>"Rcfu77Lz/QaT0lxcw2NtTgRYjY1adBiRtOobxuUTUEo=", "sf"=>"ad", "limit"=>"12", "commit"=>"Search"}
Completed 500 Internal Server Error in 6593ms

TypeError (no implicit conversion of String into Integer):
  app/controllers/index_controller.rb:24:in `[]'
  app/controllers/index_controller.rb:24:in `search'


  Rendered /Library/Ruby/Gems/2.0.0/gems/actionpack-4.1.4/lib/action_dispatch/middleware/templates/rescues/_source.erb (0.7ms)
  Rendered /Library/Ruby/Gems/2.0.0/gems/actionpack-4.1.4/lib/action_dispatch/middleware/templates/rescues/_trace.html.erb (1.1ms)
  Rendered /Library/Ruby/Gems/2.0.0/gems/actionpack-4.1.4/lib/action_dispatch/middleware/templates/rescues/_request_and_response.html.erb (1.0ms)
  Rendered /Library/Ruby/Gems/2.0.0/gems/actionpack-4.1.4/lib/action_dispatch/middleware/templates/rescues/diagnostics.erb within rescues/layout (14.8ms)


Started POST "/search" for 127.0.0.1 at 2014-08-14 01:21:25 -0700
Processing by IndexController#search as HTML
  Parameters: {"utf8"=>"✓", "authenticity_token"=>"Rcfu77Lz/QaT0lxcw2NtTgRYjY1adBiRtOobxuUTUEo=", "sf"=>"ad", "limit"=>"12", "commit"=>"Search"}
  Rendered index/result.erb within layouts/application (0.1ms)
Completed 200 OK in 1057ms (Views: 5.3ms | ActiveRecord: 0.0ms)


Started GET "/assets/application.css?body=1" for 127.0.0.1 at 2014-08-14 01:21:26 -0700


Started GET "/assets/index.css?body=1" for 127.0.0.1 at 2014-08-14 01:21:26 -0700


Started GET "/assets/jquery.js?body=1" for 127.0.0.1 at 2014-08-14 01:21:26 -0700


Started GET "/assets/application.js?body=1" for 127.0.0.1 at 2014-08-14 01:21:26 -0700


Started GET "/assets/jquery_ujs.js?body=1" for 127.0.0.1 at 2014-08-14 01:21:26 -0700


Started GET "/assets/index.js?body=1" for 127.0.0.1 at 2014-08-14 01:21:26 -0700


Started GET "/assets/turbolinks.js?body=1" for 127.0.0.1 at 2014-08-14 01:21:26 -0700


Started POST "/search" for 127.0.0.1 at 2014-08-14 01:22:11 -0700
Processing by IndexController#search as HTML
  Parameters: {"utf8"=>"✓", "authenticity_token"=>"Rcfu77Lz/QaT0lxcw2NtTgRYjY1adBiRtOobxuUTUEo=", "sf"=>"ad", "limit"=>"12", "commit"=>"Search"}
  Rendered index/result.erb within layouts/application (0.4ms)
Completed 200 OK in 1043ms (Views: 4.0ms | ActiveRecord: 0.0ms)


Started GET "/assets/index.css?body=1" for 127.0.0.1 at 2014-08-14 01:22:12 -0700


Started GET "/assets/jquery.js?body=1" for 127.0.0.1 at 2014-08-14 01:22:12 -0700


Started GET "/assets/application.css?body=1" for 127.0.0.1 at 2014-08-14 01:22:12 -0700


Started GET "/assets/index.js?body=1" for 127.0.0.1 at 2014-08-14 01:22:12 -0700


Started GET "/assets/jquery_ujs.js?body=1" for 127.0.0.1 at 2014-08-14 01:22:12 -0700


Started GET "/assets/turbolinks.js?body=1" for 127.0.0.1 at 2014-08-14 01:22:12 -0700


Started GET "/assets/application.js?body=1" for 127.0.0.1 at 2014-08-14 01:22:12 -0700


Started POST "/search" for 127.0.0.1 at 2014-08-14 01:22:18 -0700
Processing by IndexController#search as HTML
  Parameters: {"utf8"=>"✓", "authenticity_token"=>"Rcfu77Lz/QaT0lxcw2NtTgRYjY1adBiRtOobxuUTUEo=", "sf"=>"ad", "limit"=>"12", "commit"=>"Search"}
  Rendered index/result.erb within layouts/application (4.6ms)
Completed 200 OK in 1077ms (Views: 7.8ms | ActiveRecord: 0.0ms)


Started GET "/assets/index.css?body=1" for 127.0.0.1 at 2014-08-14 01:22:19 -0700


Started GET "/assets/index.js?body=1" for 127.0.0.1 at 2014-08-14 01:22:19 -0700


Started GET "/assets/jquery_ujs.js?body=1" for 127.0.0.1 at 2014-08-14 01:22:19 -0700


Started GET "/assets/turbolinks.js?body=1" for 127.0.0.1 at 2014-08-14 01:22:19 -0700


Started GET "/assets/jquery.js?body=1" for 127.0.0.1 at 2014-08-14 01:22:19 -0700


Started GET "/assets/application.css?body=1" for 127.0.0.1 at 2014-08-14 01:22:19 -0700


Started GET "/assets/application.js?body=1" for 127.0.0.1 at 2014-08-14 01:22:19 -0700


Started POST "/search" for 127.0.0.1 at 2014-08-14 01:22:33 -0700
Processing by IndexController#search as HTML
  Parameters: {"utf8"=>"✓", "authenticity_token"=>"Rcfu77Lz/QaT0lxcw2NtTgRYjY1adBiRtOobxuUTUEo=", "sf"=>"ad", "limit"=>"12", "commit"=>"Search"}
  Rendered index/result.erb within layouts/application (4.9ms)
Completed 200 OK in 1077ms (Views: 8.3ms | ActiveRecord: 0.0ms)


Started GET "/assets/index.css?body=1" for 127.0.0.1 at 2014-08-14 01:22:35 -0700


Started GET "/assets/jquery_ujs.js?body=1" for 127.0.0.1 at 2014-08-14 01:22:35 -0700


Started GET "/assets/turbolinks.js?body=1" for 127.0.0.1 at 2014-08-14 01:22:35 -0700


Started GET "/assets/index.js?body=1" for 127.0.0.1 at 2014-08-14 01:22:35 -0700


Started GET "/assets/application.js?body=1" for 127.0.0.1 at 2014-08-14 01:22:35 -0700


Started GET "/assets/jquery.js?body=1" for 127.0.0.1 at 2014-08-14 01:22:35 -0700


Started GET "/assets/application.css?body=1" for 127.0.0.1 at 2014-08-14 01:22:35 -0700


Started POST "/search" for 127.0.0.1 at 2014-08-14 01:22:41 -0700
Processing by IndexController#search as HTML
  Parameters: {"utf8"=>"✓", "authenticity_token"=>"Rcfu77Lz/QaT0lxcw2NtTgRYjY1adBiRtOobxuUTUEo=", "sf"=>"ad", "limit"=>"12", "commit"=>"Search"}
  Rendered index/result.erb within layouts/application (0.7ms)
Completed 200 OK in 1595ms (Views: 4.2ms | ActiveRecord: 0.0ms)


Started GET "/assets/jquery_ujs.js?body=1" for 127.0.0.1 at 2014-08-14 01:22:42 -0700


Started GET "/assets/application.css?body=1" for 127.0.0.1 at 2014-08-14 01:22:42 -0700


Started GET "/assets/index.css?body=1" for 127.0.0.1 at 2014-08-14 01:22:42 -0700


Started GET "/assets/turbolinks.js?body=1" for 127.0.0.1 at 2014-08-14 01:22:42 -0700


Started GET "/assets/jquery.js?body=1" for 127.0.0.1 at 2014-08-14 01:22:42 -0700


Started GET "/assets/index.js?body=1" for 127.0.0.1 at 2014-08-14 01:22:42 -0700


Started GET "/assets/application.js?body=1" for 127.0.0.1 at 2014-08-14 01:22:42 -0700


Started POST "/search" for 127.0.0.1 at 2014-08-14 01:22:53 -0700
Processing by IndexController#search as HTML
  Parameters: {"utf8"=>"✓", "authenticity_token"=>"Rcfu77Lz/QaT0lxcw2NtTgRYjY1adBiRtOobxuUTUEo=", "sf"=>"ad", "limit"=>"12", "commit"=>"Search"}
  Rendered index/result.erb within layouts/application (0.5ms)
Completed 200 OK in 1065ms (Views: 4.5ms | ActiveRecord: 0.0ms)


Started GET "/assets/application.css?body=1" for 127.0.0.1 at 2014-08-14 01:22:54 -0700


Started GET "/assets/index.css?body=1" for 127.0.0.1 at 2014-08-14 01:22:54 -0700


Started GET "/assets/turbolinks.js?body=1" for 127.0.0.1 at 2014-08-14 01:22:54 -0700


Started GET "/assets/index.js?body=1" for 127.0.0.1 at 2014-08-14 01:22:54 -0700


Started GET "/assets/jquery.js?body=1" for 127.0.0.1 at 2014-08-14 01:22:54 -0700


Started GET "/assets/jquery_ujs.js?body=1" for 127.0.0.1 at 2014-08-14 01:22:54 -0700


Started GET "/assets/application.js?body=1" for 127.0.0.1 at 2014-08-14 01:22:54 -0700


Started POST "/search" for 127.0.0.1 at 2014-08-14 01:23:00 -0700
Processing by IndexController#search as HTML
  Parameters: {"utf8"=>"✓", "authenticity_token"=>"Rcfu77Lz/QaT0lxcw2NtTgRYjY1adBiRtOobxuUTUEo=", "sf"=>"ad", "limit"=>"12", "commit"=>"Search"}
  Rendered index/result.erb within layouts/application (1.1ms)
Completed 500 Internal Server Error in 1080ms

ActionView::Template::Error (no implicit conversion of String into Integer):
    1: <% if @result.empty? %>
    2: 	"Sorry there are no results found."
    3: <% else %>
    4: 	<%= @json[0]['lfs']['lf'].to_s %>
    5: <% end %>
  app/views/index/result.erb:4:in `[]'
  app/views/index/result.erb:4:in `_app_views_index_result_erb__2446031377953490864_70172842258980'
  app/controllers/index_controller.rb:32:in `search'


  Rendered /Library/Ruby/Gems/2.0.0/gems/actionpack-4.1.4/lib/action_dispatch/middleware/templates/rescues/_trace.html.erb (1.1ms)
  Rendered /Library/Ruby/Gems/2.0.0/gems/actionpack-4.1.4/lib/action_dispatch/middleware/templates/rescues/_request_and_response.html.erb (0.9ms)
  Rendered /Library/Ruby/Gems/2.0.0/gems/actionpack-4.1.4/lib/action_dispatch/middleware/templates/rescues/template_error.html.erb within rescues/layout (10.5ms)


Started POST "/search" for 127.0.0.1 at 2014-08-14 01:23:13 -0700
Processing by IndexController#search as HTML
  Parameters: {"utf8"=>"✓", "authenticity_token"=>"Rcfu77Lz/QaT0lxcw2NtTgRYjY1adBiRtOobxuUTUEo=", "sf"=>"ad", "limit"=>"12", "commit"=>"Search"}
  Rendered index/result.erb within layouts/application (0.5ms)
Completed 200 OK in 1089ms (Views: 4.5ms | ActiveRecord: 0.0ms)


Started GET "/assets/index.css?body=1" for 127.0.0.1 at 2014-08-14 01:23:14 -0700


Started GET "/assets/application.css?body=1" for 127.0.0.1 at 2014-08-14 01:23:14 -0700


Started GET "/assets/turbolinks.js?body=1" for 127.0.0.1 at 2014-08-14 01:23:14 -0700


Started GET "/assets/jquery.js?body=1" for 127.0.0.1 at 2014-08-14 01:23:14 -0700


Started GET "/assets/index.js?body=1" for 127.0.0.1 at 2014-08-14 01:23:14 -0700


Started GET "/assets/jquery_ujs.js?body=1" for 127.0.0.1 at 2014-08-14 01:23:14 -0700


Started GET "/assets/application.js?body=1" for 127.0.0.1 at 2014-08-14 01:23:14 -0700


Started POST "/search" for 127.0.0.1 at 2014-08-14 01:23:48 -0700
Processing by IndexController#search as HTML
  Parameters: {"utf8"=>"✓", "authenticity_token"=>"Rcfu77Lz/QaT0lxcw2NtTgRYjY1adBiRtOobxuUTUEo=", "sf"=>"ad", "limit"=>"12", "commit"=>"Search"}
  Rendered index/result.erb within layouts/application (6.2ms)
Completed 200 OK in 1109ms (Views: 17.5ms | ActiveRecord: 0.0ms)


Started GET "/assets/application.css?body=1" for 127.0.0.1 at 2014-08-14 01:23:49 -0700


Started GET "/assets/index.css?body=1" for 127.0.0.1 at 2014-08-14 01:23:50 -0700


Started GET "/assets/jquery.js?body=1" for 127.0.0.1 at 2014-08-14 01:23:50 -0700


Started GET "/assets/jquery_ujs.js?body=1" for 127.0.0.1 at 2014-08-14 01:23:50 -0700


Started GET "/assets/index.js?body=1" for 127.0.0.1 at 2014-08-14 01:23:50 -0700


Started GET "/assets/turbolinks.js?body=1" for 127.0.0.1 at 2014-08-14 01:23:50 -0700


Started GET "/assets/application.js?body=1" for 127.0.0.1 at 2014-08-14 01:23:50 -0700


Started POST "/search" for 127.0.0.1 at 2014-08-14 01:26:54 -0700
Processing by IndexController#search as HTML
  Parameters: {"utf8"=>"✓", "authenticity_token"=>"Rcfu77Lz/QaT0lxcw2NtTgRYjY1adBiRtOobxuUTUEo=", "sf"=>"ad", "limit"=>"12", "commit"=>"Search"}
  Rendered index/result.erb within layouts/application (0.7ms)
Completed 200 OK in 1054ms (Views: 4.8ms | ActiveRecord: 0.0ms)


Started GET "/assets/index.css?body=1" for 127.0.0.1 at 2014-08-14 01:26:55 -0700


Started GET "/assets/application.css?body=1" for 127.0.0.1 at 2014-08-14 01:26:55 -0700


Started GET "/assets/jquery_ujs.js?body=1" for 127.0.0.1 at 2014-08-14 01:26:55 -0700


Started GET "/assets/turbolinks.js?body=1" for 127.0.0.1 at 2014-08-14 01:26:55 -0700


Started GET "/assets/jquery.js?body=1" for 127.0.0.1 at 2014-08-14 01:26:55 -0700


Started GET "/assets/index.js?body=1" for 127.0.0.1 at 2014-08-14 01:26:55 -0700


Started GET "/assets/application.js?body=1" for 127.0.0.1 at 2014-08-14 01:26:55 -0700


Started POST "/search" for 127.0.0.1 at 2014-08-14 01:27:04 -0700
Processing by IndexController#search as HTML
  Parameters: {"utf8"=>"✓", "authenticity_token"=>"Rcfu77Lz/QaT0lxcw2NtTgRYjY1adBiRtOobxuUTUEo=", "sf"=>"lol", "limit"=>"12", "commit"=>"Search"}
  Rendered index/result.erb within layouts/application (0.0ms)
Completed 200 OK in 418ms (Views: 3.2ms | ActiveRecord: 0.0ms)


Started GET "/assets/index.css?body=1" for 127.0.0.1 at 2014-08-14 01:27:04 -0700


Started GET "/assets/jquery.js?body=1" for 127.0.0.1 at 2014-08-14 01:27:04 -0700


Started GET "/assets/application.css?body=1" for 127.0.0.1 at 2014-08-14 01:27:04 -0700


Started GET "/assets/application.js?body=1" for 127.0.0.1 at 2014-08-14 01:27:04 -0700


Started GET "/assets/turbolinks.js?body=1" for 127.0.0.1 at 2014-08-14 01:27:04 -0700


Started GET "/assets/jquery_ujs.js?body=1" for 127.0.0.1 at 2014-08-14 01:27:04 -0700


Started GET "/assets/index.js?body=1" for 127.0.0.1 at 2014-08-14 01:27:04 -0700


Started GET "/" for 127.0.0.1 at 2014-08-14 01:29:39 -0700
Processing by IndexController#index as HTML
  Rendered index/index.erb within layouts/application (0.7ms)
Completed 200 OK in 13ms (Views: 12.7ms | ActiveRecord: 0.0ms)


Started GET "/assets/index.css?body=1" for 127.0.0.1 at 2014-08-14 01:29:39 -0700


Started GET "/assets/application.css?body=1" for 127.0.0.1 at 2014-08-14 01:29:39 -0700


Started GET "/assets/jquery.js?body=1" for 127.0.0.1 at 2014-08-14 01:29:39 -0700


Started GET "/assets/jquery_ujs.js?body=1" for 127.0.0.1 at 2014-08-14 01:29:39 -0700


Started GET "/assets/index.js?body=1" for 127.0.0.1 at 2014-08-14 01:29:39 -0700


Started GET "/assets/turbolinks.js?body=1" for 127.0.0.1 at 2014-08-14 01:29:39 -0700


Started GET "/assets/application.js?body=1" for 127.0.0.1 at 2014-08-14 01:29:39 -0700


Started POST "/search" for 127.0.0.1 at 2014-08-14 01:29:41 -0700
Processing by IndexController#search as HTML
  Parameters: {"utf8"=>"✓", "authenticity_token"=>"Rcfu77Lz/QaT0lxcw2NtTgRYjY1adBiRtOobxuUTUEo=", "sf"=>"ad", "limit"=>"12", "commit"=>"Search"}
  Rendered index/result.erb within layouts/application (1.1ms)
Completed 200 OK in 1665ms (Views: 4.6ms | ActiveRecord: 0.0ms)


Started GET "/assets/application.css?body=1" for 127.0.0.1 at 2014-08-14 01:29:43 -0700


Started GET "/assets/index.css?body=1" for 127.0.0.1 at 2014-08-14 01:29:43 -0700


Started GET "/assets/index.js?body=1" for 127.0.0.1 at 2014-08-14 01:29:43 -0700


Started GET "/assets/jquery.js?body=1" for 127.0.0.1 at 2014-08-14 01:29:43 -0700


Started GET "/assets/turbolinks.js?body=1" for 127.0.0.1 at 2014-08-14 01:29:43 -0700


Started GET "/assets/jquery_ujs.js?body=1" for 127.0.0.1 at 2014-08-14 01:29:43 -0700


Started GET "/assets/application.js?body=1" for 127.0.0.1 at 2014-08-14 01:29:43 -0700


Started POST "/search" for 127.0.0.1 at 2014-08-14 01:31:35 -0700
Processing by IndexController#search as HTML
  Parameters: {"utf8"=>"✓", "authenticity_token"=>"Rcfu77Lz/QaT0lxcw2NtTgRYjY1adBiRtOobxuUTUEo=", "sf"=>"ad", "limit"=>"12", "commit"=>"Search"}
  Rendered index/result.erb within layouts/application (0.1ms)
Completed 200 OK in 1073ms (Views: 4.1ms | ActiveRecord: 0.0ms)


Started GET "/assets/jquery_ujs.js?body=1" for 127.0.0.1 at 2014-08-14 01:31:36 -0700


Started GET "/assets/application.css?body=1" for 127.0.0.1 at 2014-08-14 01:31:36 -0700


Started GET "/assets/turbolinks.js?body=1" for 127.0.0.1 at 2014-08-14 01:31:36 -0700


Started GET "/assets/jquery.js?body=1" for 127.0.0.1 at 2014-08-14 01:31:36 -0700


Started GET "/assets/index.js?body=1" for 127.0.0.1 at 2014-08-14 01:31:36 -0700


Started GET "/assets/index.css?body=1" for 127.0.0.1 at 2014-08-14 01:31:36 -0700


Started GET "/assets/application.js?body=1" for 127.0.0.1 at 2014-08-14 01:31:36 -0700
